appOffer_302_Demo/build/outputs/logs/manifest-merger-debug-report.txt
-- Merging decision tree log ---
manifest
ADDED from src\main\AndroidManifest.xml:2:1-49:12
	package
		ADDED from src\main\AndroidManifest.xml:3:5-27
		INJECTED from src\main\AndroidManifest.xml
		INJECTED from src\main\AndroidManifest.xml
	android:versionName
		ADDED from src\main\AndroidManifest.xml:5:5-32
		INJECTED from src\main\AndroidManifest.xml
		INJECTED from src\main\AndroidManifest.xml
	android:versionCode
		ADDED from src\main\AndroidManifest.xml:4:5-28
		INJECTED from src\main\AndroidManifest.xml
		INJECTED from src\main\AndroidManifest.xml
	xmlns:android
		ADDED from src\main\AndroidManifest.xml:2:11-69
application
ADDED from src\main\AndroidManifest.xml:7:5-38:19
	android:label
		ADDED from src\main\AndroidManifest.xml:9:9-41
	android:icon
		ADDED from src\main\AndroidManifest.xml:8:9-38
activity#cn.waps.d302.DemoApp
ADDED from src\main\AndroidManifest.xml:10:9-19:20
	android:label
		ADDED from src\main\AndroidManifest.xml:13:13-45
	android:configChanges
		ADDED from src\main\AndroidManifest.xml:12:13-63
	android:name
		ADDED from src\main\AndroidManifest.xml:11:13-36
intent-filter#android.intent.action.MAIN+android.intent.category.LAUNCHER
ADDED from src\main\AndroidManifest.xml:14:13-18:29
action#android.intent.action.MAIN
ADDED from src\main\AndroidManifest.xml:15:17-69
	android:name
		ADDED from src\main\AndroidManifest.xml:15:25-66
category#android.intent.category.LAUNCHER
ADDED from src\main\AndroidManifest.xml:17:17-77
	android:name
		ADDED from src\main\AndroidManifest.xml:17:27-74
activity#cn.waps.extend.AppWall
ADDED from src\main\AndroidManifest.xml:20:9-22:66
	android:configChanges
		ADDED from src\main\AndroidManifest.xml:22:13-63
	android:name
		ADDED from src\main\AndroidManifest.xml:21:13-50
provider#android.support.v4.content.FileProvider
ADDED from src\main\AndroidManifest.xml:29:9-37:20
	android:authorities
		ADDED from src\main\AndroidManifest.xml:31:13-60
	android:grantUriPermissions
		ADDED from src\main\AndroidManifest.xml:33:13-47
	android:exported
		ADDED from src\main\AndroidManifest.xml:32:13-37
	android:name
		ADDED from src\main\AndroidManifest.xml:30:13-67
meta-data#android.support.FILE_PROVIDER_PATHS
ADDED from src\main\AndroidManifest.xml:34:13-36:54
	android:resource
		ADDED from src\main\AndroidManifest.xml:36:17-51
	android:name
		ADDED from src\main\AndroidManifest.xml:35:17-67
uses-sdk
ADDED from src\main\AndroidManifest.xml:40:5-43
	android:targetSdkVersion
		INJECTED from src\main\AndroidManifest.xml
		INJECTED from src\main\AndroidManifest.xml
	android:minSdkVersion
		ADDED from src\main\AndroidManifest.xml:40:15-40
		INJECTED from src\main\AndroidManifest.xml
		INJECTED from src\main\AndroidManifest.xml
uses-permission#android.permission.INTERNET
ADDED from src\main\AndroidManifest.xml:42:5-67
	android:name
		ADDED from src\main\AndroidManifest.xml:42:22-64
uses-permission#android.permission.ACCESS_NETWORK_STATE
ADDED from src\main\AndroidManifest.xml:43:5-79
	android:name
		ADDED from src\main\AndroidManifest.xml:43:22-76
uses-permission#android.permission.ACCESS_WIFI_STATE
ADDED from src\main\AndroidManifest.xml:44:5-76
	android:name
		ADDED from src\main\AndroidManifest.xml:44:22-73
uses-permission#android.permission.READ_PHONE_STATE
ADDED from src\main\AndroidManifest.xml:45:5-75
	android:name
		ADDED from src\main\AndroidManifest.xml:45:22-72
uses-permission#android.permission.WRITE_EXTERNAL_STORAGE
ADDED from src\main\AndroidManifest.xml:46:5-81
	android:name
		ADDED from src\main\AndroidManifest.xml:46:22-78
uses-permission#android.permission.GET_TASKS
ADDED from src\main\AndroidManifest.xml:47:5-68
	android:name
		ADDED from src\main\AndroidManifest.xml:47:22-65